[0m15:11:23.010456 [debug] [MainThread]: Sending event: {'category': 'dbt', 'action': 'invocation', 'label': 'start', 'context': [<snowplow_tracker.self_describing_json.SelfDescribingJson object at 0x000001D51417A050>, <snowplow_tracker.self_describing_json.SelfDescribingJson object at 0x000001D51416EAD0>, <snowplow_tracker.self_describing_json.SelfDescribingJson object at 0x000001D51416E110>]}


============================== 15:11:23.010456 | d9b785e2-4059-43d1-9d90-289b023f780b ==============================
[0m15:11:23.010456 [info ] [MainThread]: Running with dbt=1.7.9
[0m15:11:23.010456 [debug] [MainThread]: running dbt with arguments {'printer_width': '80', 'indirect_selection': 'eager', 'log_cache_events': 'False', 'write_json': 'True', 'partial_parse': 'True', 'cache_selected_only': 'False', 'warn_error': 'None', 'fail_fast': 'False', 'debug': 'True', 'log_path': 'C:\\Users\\username\\dbtpg\\dbt_pg\\logs', 'version_check': 'True', 'profiles_dir': 'C:\\Users\\username\\dbtpg\\dbt_pg', 'use_colors': 'True', 'use_experimental_parser': 'False', 'no_print': 'None', 'quiet': 'False', 'log_format': 'default', 'invocation_command': 'dbt run --debug', 'warn_error_options': 'WarnErrorOptions(include=[], exclude=[])', 'static_parser': 'True', 'target_path': 'None', 'introspect': 'True', 'send_anonymous_usage_stats': 'True'}
[0m15:11:23.185717 [debug] [MainThread]: Sending event: {'category': 'dbt', 'action': 'project_id', 'label': 'd9b785e2-4059-43d1-9d90-289b023f780b', 'context': [<snowplow_tracker.self_describing_json.SelfDescribingJson object at 0x000001D513C69750>]}
[0m15:11:23.270548 [debug] [MainThread]: Sending event: {'category': 'dbt', 'action': 'adapter_info', 'label': 'd9b785e2-4059-43d1-9d90-289b023f780b', 'context': [<snowplow_tracker.self_describing_json.SelfDescribingJson object at 0x000001D5142AD990>]}
[0m15:11:23.270548 [info ] [MainThread]: Registered adapter: postgres=1.7.9
[0m15:11:23.281431 [debug] [MainThread]: checksum: 6ff0d83c3b46f350064523b4e08d9241403ad71d606ba49c4e670afba3668b39, vars: {}, profile: , target: , version: 1.7.9
[0m15:11:23.316842 [debug] [MainThread]: Partial parsing enabled: 0 files deleted, 0 files added, 0 files changed.
[0m15:11:23.316842 [debug] [MainThread]: Partial parsing enabled, no changes found, skipping parsing
[0m15:11:23.331031 [debug] [MainThread]: Sending event: {'category': 'dbt', 'action': 'load_project', 'label': 'd9b785e2-4059-43d1-9d90-289b023f780b', 'context': [<snowplow_tracker.self_describing_json.SelfDescribingJson object at 0x000001D51452D450>]}
[0m15:11:23.342368 [debug] [MainThread]: Sending event: {'category': 'dbt', 'action': 'resource_counts', 'label': 'd9b785e2-4059-43d1-9d90-289b023f780b', 'context': [<snowplow_tracker.self_describing_json.SelfDescribingJson object at 0x000001D51439DF90>]}
[0m15:11:23.342368 [info ] [MainThread]: Found 1 model, 0 sources, 0 exposures, 0 metrics, 401 macros, 0 groups, 0 semantic models
[0m15:11:23.342368 [debug] [MainThread]: Sending event: {'category': 'dbt', 'action': 'runnable_timing', 'label': 'd9b785e2-4059-43d1-9d90-289b023f780b', 'context': [<snowplow_tracker.self_describing_json.SelfDescribingJson object at 0x000001D5143D8950>]}
[0m15:11:23.342368 [info ] [MainThread]: 
[0m15:11:23.349961 [debug] [MainThread]: Acquiring new postgres connection 'master'
[0m15:11:23.349961 [debug] [ThreadPool]: Acquiring new postgres connection 'list_TestDB'
[0m15:11:23.363951 [debug] [ThreadPool]: Using postgres connection "list_TestDB"
[0m15:11:23.363951 [debug] [ThreadPool]: On list_TestDB: /* {"app": "dbt", "dbt_version": "1.7.9", "profile_name": "dbt_pg", "target_name": "dev", "connection_name": "list_TestDB"} */

    select distinct nspname from pg_namespace
  
[0m15:11:23.367435 [debug] [ThreadPool]: Opening a new connection, currently in state init
[0m15:11:23.382897 [debug] [ThreadPool]: SQL status: SELECT 8 in 0.0 seconds
[0m15:11:23.390519 [debug] [ThreadPool]: On list_TestDB: Close
[0m15:11:23.390519 [debug] [ThreadPool]: Acquiring new postgres connection 'list_TestDB_public'
[0m15:11:23.399894 [debug] [ThreadPool]: Using postgres connection "list_TestDB_public"
[0m15:11:23.399894 [debug] [ThreadPool]: On list_TestDB_public: BEGIN
[0m15:11:23.399894 [debug] [ThreadPool]: Opening a new connection, currently in state init
[0m15:11:23.426261 [debug] [ThreadPool]: SQL status: BEGIN in 0.0 seconds
[0m15:11:23.427460 [debug] [ThreadPool]: Using postgres connection "list_TestDB_public"
[0m15:11:23.427460 [debug] [ThreadPool]: On list_TestDB_public: /* {"app": "dbt", "dbt_version": "1.7.9", "profile_name": "dbt_pg", "target_name": "dev", "connection_name": "list_TestDB_public"} */
select
      'TestDB' as database,
      tablename as name,
      schemaname as schema,
      'table' as type
    from pg_tables
    where schemaname ilike 'public'
    union all
    select
      'TestDB' as database,
      viewname as name,
      schemaname as schema,
      'view' as type
    from pg_views
    where schemaname ilike 'public'
    union all
    select
      'TestDB' as database,
      matviewname as name,
      schemaname as schema,
      'materialized_view' as type
    from pg_matviews
    where schemaname ilike 'public'
  
[0m15:11:23.433131 [debug] [ThreadPool]: SQL status: SELECT 1 in 0.0 seconds
[0m15:11:23.440231 [debug] [ThreadPool]: On list_TestDB_public: ROLLBACK
[0m15:11:23.440231 [debug] [ThreadPool]: On list_TestDB_public: Close
[0m15:11:23.445367 [debug] [MainThread]: Using postgres connection "master"
[0m15:11:23.450645 [debug] [MainThread]: On master: BEGIN
[0m15:11:23.450645 [debug] [MainThread]: Opening a new connection, currently in state init
[0m15:11:23.483162 [debug] [MainThread]: SQL status: BEGIN in 0.0 seconds
[0m15:11:23.483162 [debug] [MainThread]: Using postgres connection "master"
[0m15:11:23.483162 [debug] [MainThread]: On master: /* {"app": "dbt", "dbt_version": "1.7.9", "profile_name": "dbt_pg", "target_name": "dev", "connection_name": "master"} */
with relation as (
        select
            pg_rewrite.ev_class as class,
            pg_rewrite.oid as id
        from pg_rewrite
    ),
    class as (
        select
            oid as id,
            relname as name,
            relnamespace as schema,
            relkind as kind
        from pg_class
    ),
    dependency as (
        select distinct
            pg_depend.objid as id,
            pg_depend.refobjid as ref
        from pg_depend
    ),
    schema as (
        select
            pg_namespace.oid as id,
            pg_namespace.nspname as name
        from pg_namespace
        where nspname != 'information_schema' and nspname not like 'pg\_%'
    ),
    referenced as (
        select
            relation.id AS id,
            referenced_class.name ,
            referenced_class.schema ,
            referenced_class.kind
        from relation
        join class as referenced_class on relation.class=referenced_class.id
        where referenced_class.kind in ('r', 'v', 'm')
    ),
    relationships as (
        select
            referenced.name as referenced_name,
            referenced.schema as referenced_schema_id,
            dependent_class.name as dependent_name,
            dependent_class.schema as dependent_schema_id,
            referenced.kind as kind
        from referenced
        join dependency on referenced.id=dependency.id
        join class as dependent_class on dependency.ref=dependent_class.id
        where
            (referenced.name != dependent_class.name or
             referenced.schema != dependent_class.schema)
    )

    select
        referenced_schema.name as referenced_schema,
        relationships.referenced_name as referenced_name,
        dependent_schema.name as dependent_schema,
        relationships.dependent_name as dependent_name
    from relationships
    join schema as dependent_schema on relationships.dependent_schema_id=dependent_schema.id
    join schema as referenced_schema on relationships.referenced_schema_id=referenced_schema.id
    group by referenced_schema, referenced_name, dependent_schema, dependent_name
    order by referenced_schema, referenced_name, dependent_schema, dependent_name;
[0m15:11:23.499789 [debug] [MainThread]: SQL status: SELECT 0 in 0.0 seconds
[0m15:11:23.506667 [debug] [MainThread]: Sending event: {'category': 'dbt', 'action': 'runnable_timing', 'label': 'd9b785e2-4059-43d1-9d90-289b023f780b', 'context': [<snowplow_tracker.self_describing_json.SelfDescribingJson object at 0x000001D5139ED610>]}
[0m15:11:23.506667 [debug] [MainThread]: On master: ROLLBACK
[0m15:11:23.506667 [debug] [MainThread]: Using postgres connection "master"
[0m15:11:23.514704 [debug] [MainThread]: On master: BEGIN
[0m15:11:23.516710 [debug] [MainThread]: SQL status: BEGIN in 0.0 seconds
[0m15:11:23.520850 [debug] [MainThread]: On master: COMMIT
[0m15:11:23.520850 [debug] [MainThread]: Using postgres connection "master"
[0m15:11:23.520850 [debug] [MainThread]: On master: COMMIT
[0m15:11:23.525629 [debug] [MainThread]: SQL status: COMMIT in 0.0 seconds
[0m15:11:23.525629 [debug] [MainThread]: On master: Close
[0m15:11:23.525629 [info ] [MainThread]: Concurrency: 1 threads (target='dev')
[0m15:11:23.533016 [info ] [MainThread]: 
[0m15:11:23.537371 [debug] [Thread-1 (]: Began running node model.dbt_pg.incremental_example_model_file
[0m15:11:23.543528 [info ] [Thread-1 (]: 1 of 1 START sql incremental model public.incremental_example_model_file ....... [RUN]
[0m15:11:23.545692 [debug] [Thread-1 (]: Acquiring new postgres connection 'model.dbt_pg.incremental_example_model_file'
[0m15:11:23.545692 [debug] [Thread-1 (]: Began compiling node model.dbt_pg.incremental_example_model_file
[0m15:11:23.562342 [debug] [Thread-1 (]: Writing injected SQL for node "model.dbt_pg.incremental_example_model_file"
[0m15:11:23.562342 [debug] [Thread-1 (]: Timing info for model.dbt_pg.incremental_example_model_file (compile): 15:11:23.553368 => 15:11:23.562342
[0m15:11:23.568490 [debug] [Thread-1 (]: Began executing node model.dbt_pg.incremental_example_model_file
[0m15:11:23.616309 [debug] [Thread-1 (]: Writing runtime sql for node "model.dbt_pg.incremental_example_model_file"
[0m15:11:23.616309 [debug] [Thread-1 (]: Using postgres connection "model.dbt_pg.incremental_example_model_file"
[0m15:11:23.628863 [debug] [Thread-1 (]: On model.dbt_pg.incremental_example_model_file: BEGIN
[0m15:11:23.628863 [debug] [Thread-1 (]: Opening a new connection, currently in state init
[0m15:11:23.640940 [debug] [Thread-1 (]: SQL status: BEGIN in 0.0 seconds
[0m15:11:23.640940 [debug] [Thread-1 (]: Using postgres connection "model.dbt_pg.incremental_example_model_file"
[0m15:11:23.640940 [debug] [Thread-1 (]: On model.dbt_pg.incremental_example_model_file: /* {"app": "dbt", "dbt_version": "1.7.9", "profile_name": "dbt_pg", "target_name": "dev", "node_id": "model.dbt_pg.incremental_example_model_file"} */

      
  
    

  create  table "TestDB"."public"."incremental_example_model_file"
  
  
    as
  
  (
    

select
    *

from public.tst


  );
  
  
[0m15:11:23.649049 [debug] [Thread-1 (]: SQL status: SELECT 3 in 0.0 seconds
[0m15:11:23.665713 [debug] [Thread-1 (]: On model.dbt_pg.incremental_example_model_file: COMMIT
[0m15:11:23.668214 [debug] [Thread-1 (]: Using postgres connection "model.dbt_pg.incremental_example_model_file"
[0m15:11:23.668214 [debug] [Thread-1 (]: On model.dbt_pg.incremental_example_model_file: COMMIT
[0m15:11:23.668214 [debug] [Thread-1 (]: SQL status: COMMIT in 0.0 seconds
[0m15:11:23.668214 [debug] [Thread-1 (]: Timing info for model.dbt_pg.incremental_example_model_file (execute): 15:11:23.568490 => 15:11:23.668214
[0m15:11:23.674318 [debug] [Thread-1 (]: On model.dbt_pg.incremental_example_model_file: Close
[0m15:11:23.674318 [debug] [Thread-1 (]: Sending event: {'category': 'dbt', 'action': 'run_model', 'label': 'd9b785e2-4059-43d1-9d90-289b023f780b', 'context': [<snowplow_tracker.self_describing_json.SelfDescribingJson object at 0x000001D514542910>]}
[0m15:11:23.674318 [info ] [Thread-1 (]: 1 of 1 OK created sql incremental model public.incremental_example_model_file .. [[32mSELECT 3[0m in 0.13s]
[0m15:11:23.678762 [debug] [Thread-1 (]: Finished running node model.dbt_pg.incremental_example_model_file
[0m15:11:23.678762 [debug] [MainThread]: Using postgres connection "master"
[0m15:11:23.681875 [debug] [MainThread]: On master: BEGIN
[0m15:11:23.681875 [debug] [MainThread]: Opening a new connection, currently in state closed
[0m15:11:23.715026 [debug] [MainThread]: SQL status: BEGIN in 0.0 seconds
[0m15:11:23.723240 [debug] [MainThread]: On master: COMMIT
[0m15:11:23.723240 [debug] [MainThread]: Using postgres connection "master"
[0m15:11:23.723240 [debug] [MainThread]: On master: COMMIT
[0m15:11:23.728653 [debug] [MainThread]: SQL status: COMMIT in 0.0 seconds
[0m15:11:23.728653 [debug] [MainThread]: On master: Close
[0m15:11:23.728653 [debug] [MainThread]: Connection 'master' was properly closed.
[0m15:11:23.733496 [debug] [MainThread]: Connection 'list_TestDB' was properly closed.
[0m15:11:23.733496 [debug] [MainThread]: Connection 'list_TestDB_public' was properly closed.
[0m15:11:23.733496 [debug] [MainThread]: Connection 'model.dbt_pg.incremental_example_model_file' was properly closed.
[0m15:11:23.733496 [info ] [MainThread]: 
[0m15:11:23.733496 [info ] [MainThread]: Finished running 1 incremental model in 0 hours 0 minutes and 0.38 seconds (0.38s).
[0m15:11:23.739136 [debug] [MainThread]: Command end result
[0m15:11:23.747191 [info ] [MainThread]: 
[0m15:11:23.747191 [info ] [MainThread]: [32mCompleted successfully[0m
[0m15:11:23.749692 [info ] [MainThread]: 
[0m15:11:23.749692 [info ] [MainThread]: Done. PASS=1 WARN=0 ERROR=0 SKIP=0 TOTAL=1
[0m15:11:23.749692 [debug] [MainThread]: Command `dbt run` succeeded at 15:11:23.749692 after 0.79 seconds
[0m15:11:23.753342 [debug] [MainThread]: Sending event: {'category': 'dbt', 'action': 'invocation', 'label': 'end', 'context': [<snowplow_tracker.self_describing_json.SelfDescribingJson object at 0x000001D5141BC390>, <snowplow_tracker.self_describing_json.SelfDescribingJson object at 0x000001D50D7AC650>, <snowplow_tracker.self_describing_json.SelfDescribingJson object at 0x000001D50D7AC410>]}
[0m15:11:23.753342 [debug] [MainThread]: Flushing usage events
[0m15:11:41.971236 [debug] [MainThread]: Sending event: {'category': 'dbt', 'action': 'invocation', 'label': 'start', 'context': [<snowplow_tracker.self_describing_json.SelfDescribingJson object at 0x000001D5FD9FEB50>, <snowplow_tracker.self_describing_json.SelfDescribingJson object at 0x000001D5FC6E0A90>, <snowplow_tracker.self_describing_json.SelfDescribingJson object at 0x000001D5FDA09C50>]}


============================== 15:11:41.974771 | 37e3f2df-b52a-4980-9bbd-c33fd42e380d ==============================
[0m15:11:41.974771 [info ] [MainThread]: Running with dbt=1.7.9
[0m15:11:41.976171 [debug] [MainThread]: running dbt with arguments {'printer_width': '80', 'indirect_selection': 'eager', 'write_json': 'True', 'log_cache_events': 'False', 'partial_parse': 'True', 'cache_selected_only': 'False', 'profiles_dir': 'C:\\Users\\username\\dbtpg\\dbt_pg', 'debug': 'True', 'warn_error': 'None', 'log_path': 'C:\\Users\\username\\dbtpg\\dbt_pg\\logs', 'version_check': 'True', 'fail_fast': 'False', 'use_colors': 'True', 'use_experimental_parser': 'False', 'no_print': 'None', 'quiet': 'False', 'warn_error_options': 'WarnErrorOptions(include=[], exclude=[])', 'invocation_command': 'dbt run --debug', 'log_format': 'default', 'introspect': 'True', 'target_path': 'None', 'static_parser': 'True', 'send_anonymous_usage_stats': 'True'}
[0m15:11:42.122401 [debug] [MainThread]: Sending event: {'category': 'dbt', 'action': 'project_id', 'label': '37e3f2df-b52a-4980-9bbd-c33fd42e380d', 'context': [<snowplow_tracker.self_describing_json.SelfDescribingJson object at 0x000001D5FDB5BF10>]}
[0m15:11:42.199147 [debug] [MainThread]: Sending event: {'category': 'dbt', 'action': 'adapter_info', 'label': '37e3f2df-b52a-4980-9bbd-c33fd42e380d', 'context': [<snowplow_tracker.self_describing_json.SelfDescribingJson object at 0x000001D5FDC026D0>]}
[0m15:11:42.199147 [info ] [MainThread]: Registered adapter: postgres=1.7.9
[0m15:11:42.207153 [debug] [MainThread]: checksum: 6ff0d83c3b46f350064523b4e08d9241403ad71d606ba49c4e670afba3668b39, vars: {}, profile: , target: , version: 1.7.9
[0m15:11:42.253833 [debug] [MainThread]: Partial parsing enabled: 0 files deleted, 0 files added, 0 files changed.
[0m15:11:42.253833 [debug] [MainThread]: Partial parsing enabled, no changes found, skipping parsing
[0m15:11:42.262054 [debug] [MainThread]: Sending event: {'category': 'dbt', 'action': 'load_project', 'label': '37e3f2df-b52a-4980-9bbd-c33fd42e380d', 'context': [<snowplow_tracker.self_describing_json.SelfDescribingJson object at 0x000001D5FB39B150>]}
[0m15:11:42.270625 [debug] [MainThread]: Sending event: {'category': 'dbt', 'action': 'resource_counts', 'label': '37e3f2df-b52a-4980-9bbd-c33fd42e380d', 'context': [<snowplow_tracker.self_describing_json.SelfDescribingJson object at 0x000001D5FDC15950>]}
[0m15:11:42.276683 [info ] [MainThread]: Found 1 model, 0 sources, 0 exposures, 0 metrics, 401 macros, 0 groups, 0 semantic models
[0m15:11:42.276683 [debug] [MainThread]: Sending event: {'category': 'dbt', 'action': 'runnable_timing', 'label': '37e3f2df-b52a-4980-9bbd-c33fd42e380d', 'context': [<snowplow_tracker.self_describing_json.SelfDescribingJson object at 0x000001D5FDA40390>]}
[0m15:11:42.276683 [info ] [MainThread]: 
[0m15:11:42.276683 [debug] [MainThread]: Acquiring new postgres connection 'master'
[0m15:11:42.282302 [debug] [ThreadPool]: Acquiring new postgres connection 'list_TestDB'
[0m15:11:42.287114 [debug] [ThreadPool]: Using postgres connection "list_TestDB"
[0m15:11:42.296046 [debug] [ThreadPool]: On list_TestDB: /* {"app": "dbt", "dbt_version": "1.7.9", "profile_name": "dbt_pg", "target_name": "dev", "connection_name": "list_TestDB"} */

    select distinct nspname from pg_namespace
  
[0m15:11:42.296046 [debug] [ThreadPool]: Opening a new connection, currently in state init
[0m15:11:42.318633 [debug] [ThreadPool]: SQL status: SELECT 8 in 0.0 seconds
[0m15:11:42.318633 [debug] [ThreadPool]: On list_TestDB: Close
[0m15:11:42.322312 [debug] [ThreadPool]: Acquiring new postgres connection 'list_TestDB_public'
[0m15:11:42.322312 [debug] [ThreadPool]: Using postgres connection "list_TestDB_public"
[0m15:11:42.322312 [debug] [ThreadPool]: On list_TestDB_public: BEGIN
[0m15:11:42.331873 [debug] [ThreadPool]: Opening a new connection, currently in state init
[0m15:11:42.363135 [debug] [ThreadPool]: SQL status: BEGIN in 0.0 seconds
[0m15:11:42.363135 [debug] [ThreadPool]: Using postgres connection "list_TestDB_public"
[0m15:11:42.369675 [debug] [ThreadPool]: On list_TestDB_public: /* {"app": "dbt", "dbt_version": "1.7.9", "profile_name": "dbt_pg", "target_name": "dev", "connection_name": "list_TestDB_public"} */
select
      'TestDB' as database,
      tablename as name,
      schemaname as schema,
      'table' as type
    from pg_tables
    where schemaname ilike 'public'
    union all
    select
      'TestDB' as database,
      viewname as name,
      schemaname as schema,
      'view' as type
    from pg_views
    where schemaname ilike 'public'
    union all
    select
      'TestDB' as database,
      matviewname as name,
      schemaname as schema,
      'materialized_view' as type
    from pg_matviews
    where schemaname ilike 'public'
  
[0m15:11:42.373719 [debug] [ThreadPool]: SQL status: SELECT 2 in 0.0 seconds
[0m15:11:42.380219 [debug] [ThreadPool]: On list_TestDB_public: ROLLBACK
[0m15:11:42.382362 [debug] [ThreadPool]: On list_TestDB_public: Close
[0m15:11:42.386463 [debug] [MainThread]: Using postgres connection "master"
[0m15:11:42.390965 [debug] [MainThread]: On master: BEGIN
[0m15:11:42.390965 [debug] [MainThread]: Opening a new connection, currently in state init
[0m15:11:42.420158 [debug] [MainThread]: SQL status: BEGIN in 0.0 seconds
[0m15:11:42.420158 [debug] [MainThread]: Using postgres connection "master"
[0m15:11:42.420158 [debug] [MainThread]: On master: /* {"app": "dbt", "dbt_version": "1.7.9", "profile_name": "dbt_pg", "target_name": "dev", "connection_name": "master"} */
with relation as (
        select
            pg_rewrite.ev_class as class,
            pg_rewrite.oid as id
        from pg_rewrite
    ),
    class as (
        select
            oid as id,
            relname as name,
            relnamespace as schema,
            relkind as kind
        from pg_class
    ),
    dependency as (
        select distinct
            pg_depend.objid as id,
            pg_depend.refobjid as ref
        from pg_depend
    ),
    schema as (
        select
            pg_namespace.oid as id,
            pg_namespace.nspname as name
        from pg_namespace
        where nspname != 'information_schema' and nspname not like 'pg\_%'
    ),
    referenced as (
        select
            relation.id AS id,
            referenced_class.name ,
            referenced_class.schema ,
            referenced_class.kind
        from relation
        join class as referenced_class on relation.class=referenced_class.id
        where referenced_class.kind in ('r', 'v', 'm')
    ),
    relationships as (
        select
            referenced.name as referenced_name,
            referenced.schema as referenced_schema_id,
            dependent_class.name as dependent_name,
            dependent_class.schema as dependent_schema_id,
            referenced.kind as kind
        from referenced
        join dependency on referenced.id=dependency.id
        join class as dependent_class on dependency.ref=dependent_class.id
        where
            (referenced.name != dependent_class.name or
             referenced.schema != dependent_class.schema)
    )

    select
        referenced_schema.name as referenced_schema,
        relationships.referenced_name as referenced_name,
        dependent_schema.name as dependent_schema,
        relationships.dependent_name as dependent_name
    from relationships
    join schema as dependent_schema on relationships.dependent_schema_id=dependent_schema.id
    join schema as referenced_schema on relationships.referenced_schema_id=referenced_schema.id
    group by referenced_schema, referenced_name, dependent_schema, dependent_name
    order by referenced_schema, referenced_name, dependent_schema, dependent_name;
[0m15:11:42.444564 [debug] [MainThread]: SQL status: SELECT 0 in 0.0 seconds
[0m15:11:42.452566 [debug] [MainThread]: Sending event: {'category': 'dbt', 'action': 'runnable_timing', 'label': '37e3f2df-b52a-4980-9bbd-c33fd42e380d', 'context': [<snowplow_tracker.self_describing_json.SelfDescribingJson object at 0x000001D5FDCA25D0>]}
[0m15:11:42.454040 [debug] [MainThread]: On master: ROLLBACK
[0m15:11:42.457155 [debug] [MainThread]: Using postgres connection "master"
[0m15:11:42.457155 [debug] [MainThread]: On master: BEGIN
[0m15:11:42.457155 [debug] [MainThread]: SQL status: BEGIN in 0.0 seconds
[0m15:11:42.464135 [debug] [MainThread]: On master: COMMIT
[0m15:11:42.465720 [debug] [MainThread]: Using postgres connection "master"
[0m15:11:42.470073 [debug] [MainThread]: On master: COMMIT
[0m15:11:42.470486 [debug] [MainThread]: SQL status: COMMIT in 0.0 seconds
[0m15:11:42.470486 [debug] [MainThread]: On master: Close
[0m15:11:42.470486 [info ] [MainThread]: Concurrency: 1 threads (target='dev')
[0m15:11:42.477381 [info ] [MainThread]: 
[0m15:11:42.477381 [debug] [Thread-1 (]: Began running node model.dbt_pg.incremental_example_model_file
[0m15:11:42.482438 [info ] [Thread-1 (]: 1 of 1 START sql incremental model public.incremental_example_model_file ....... [RUN]
[0m15:11:42.482438 [debug] [Thread-1 (]: Acquiring new postgres connection 'model.dbt_pg.incremental_example_model_file'
[0m15:11:42.487119 [debug] [Thread-1 (]: Began compiling node model.dbt_pg.incremental_example_model_file
[0m15:11:42.499130 [debug] [Thread-1 (]: Writing injected SQL for node "model.dbt_pg.incremental_example_model_file"
[0m15:11:42.503952 [debug] [Thread-1 (]: Timing info for model.dbt_pg.incremental_example_model_file (compile): 15:11:42.487119 => 15:11:42.499130
[0m15:11:42.505380 [debug] [Thread-1 (]: Began executing node model.dbt_pg.incremental_example_model_file
[0m15:11:42.553677 [debug] [Thread-1 (]: Using postgres connection "model.dbt_pg.incremental_example_model_file"
[0m15:11:42.553677 [debug] [Thread-1 (]: On model.dbt_pg.incremental_example_model_file: /* {"app": "dbt", "dbt_version": "1.7.9", "profile_name": "dbt_pg", "target_name": "dev", "node_id": "model.dbt_pg.incremental_example_model_file"} */

    
  
    

  create temporary table "incremental_example_model_file__dbt_tmp151142519973"
  
  
    as
  
  (
    

select
    *

from public.tst



  -- this filter will only be applied on an incremental run
  -- (uses >= to include records whose timestamp occurred since the last run of this model)
  where DT >= (select max(DT) from "TestDB"."public"."incremental_example_model_file")


  );
  
  
[0m15:11:42.572002 [debug] [Thread-1 (]: Opening a new connection, currently in state init
[0m15:11:42.611606 [debug] [Thread-1 (]: SQL status: SELECT 2 in 0.0 seconds
[0m15:11:42.619652 [debug] [Thread-1 (]: Using postgres connection "model.dbt_pg.incremental_example_model_file"
[0m15:11:42.623740 [debug] [Thread-1 (]: On model.dbt_pg.incremental_example_model_file: BEGIN
[0m15:11:42.623740 [debug] [Thread-1 (]: SQL status: BEGIN in 0.0 seconds
[0m15:11:42.623740 [debug] [Thread-1 (]: Using postgres connection "model.dbt_pg.incremental_example_model_file"
[0m15:11:42.628024 [debug] [Thread-1 (]: On model.dbt_pg.incremental_example_model_file: /* {"app": "dbt", "dbt_version": "1.7.9", "profile_name": "dbt_pg", "target_name": "dev", "node_id": "model.dbt_pg.incremental_example_model_file"} */

      select
          column_name,
          data_type,
          character_maximum_length,
          numeric_precision,
          numeric_scale

      from INFORMATION_SCHEMA.columns
      where table_name = 'incremental_example_model_file__dbt_tmp151142519973'
        
      order by ordinal_position

  
[0m15:11:42.636463 [debug] [Thread-1 (]: SQL status: SELECT 2 in 0.0 seconds
[0m15:11:42.640154 [debug] [Thread-1 (]: Using postgres connection "model.dbt_pg.incremental_example_model_file"
[0m15:11:42.645459 [debug] [Thread-1 (]: On model.dbt_pg.incremental_example_model_file: /* {"app": "dbt", "dbt_version": "1.7.9", "profile_name": "dbt_pg", "target_name": "dev", "node_id": "model.dbt_pg.incremental_example_model_file"} */

      select
          column_name,
          data_type,
          character_maximum_length,
          numeric_precision,
          numeric_scale

      from "TestDB".INFORMATION_SCHEMA.columns
      where table_name = 'incremental_example_model_file'
        
        and table_schema = 'public'
        
      order by ordinal_position

  
[0m15:11:42.649326 [debug] [Thread-1 (]: SQL status: SELECT 2 in 0.0 seconds
[0m15:11:42.654698 [debug] [Thread-1 (]: Using postgres connection "model.dbt_pg.incremental_example_model_file"
[0m15:11:42.660373 [debug] [Thread-1 (]: On model.dbt_pg.incremental_example_model_file: /* {"app": "dbt", "dbt_version": "1.7.9", "profile_name": "dbt_pg", "target_name": "dev", "node_id": "model.dbt_pg.incremental_example_model_file"} */

      select
          column_name,
          data_type,
          character_maximum_length,
          numeric_precision,
          numeric_scale

      from "TestDB".INFORMATION_SCHEMA.columns
      where table_name = 'incremental_example_model_file'
        
        and table_schema = 'public'
        
      order by ordinal_position

  
[0m15:11:42.665858 [debug] [Thread-1 (]: SQL status: SELECT 2 in 0.0 seconds
[0m15:11:42.670176 [debug] [Thread-1 (]: Writing runtime sql for node "model.dbt_pg.incremental_example_model_file"
[0m15:11:42.686110 [debug] [Thread-1 (]: Using postgres connection "model.dbt_pg.incremental_example_model_file"
[0m15:11:42.686110 [debug] [Thread-1 (]: On model.dbt_pg.incremental_example_model_file: /* {"app": "dbt", "dbt_version": "1.7.9", "profile_name": "dbt_pg", "target_name": "dev", "node_id": "model.dbt_pg.incremental_example_model_file"} */

      insert into "TestDB"."public"."incremental_example_model_file" ("id", "dt")
    (
        select "id", "dt"
        from "incremental_example_model_file__dbt_tmp151142519973"
    )


  
[0m15:11:42.690086 [debug] [Thread-1 (]: SQL status: INSERT 0 2 in 0.0 seconds
[0m15:11:42.703801 [debug] [Thread-1 (]: On model.dbt_pg.incremental_example_model_file: COMMIT
[0m15:11:42.703801 [debug] [Thread-1 (]: Using postgres connection "model.dbt_pg.incremental_example_model_file"
[0m15:11:42.708211 [debug] [Thread-1 (]: On model.dbt_pg.incremental_example_model_file: COMMIT
[0m15:11:42.708211 [debug] [Thread-1 (]: SQL status: COMMIT in 0.0 seconds
[0m15:11:42.708211 [debug] [Thread-1 (]: Timing info for model.dbt_pg.incremental_example_model_file (execute): 15:11:42.505380 => 15:11:42.708211
[0m15:11:42.714454 [debug] [Thread-1 (]: On model.dbt_pg.incremental_example_model_file: Close
[0m15:11:42.715989 [debug] [Thread-1 (]: Sending event: {'category': 'dbt', 'action': 'run_model', 'label': '37e3f2df-b52a-4980-9bbd-c33fd42e380d', 'context': [<snowplow_tracker.self_describing_json.SelfDescribingJson object at 0x000001D5FDCB1510>]}
[0m15:11:42.715989 [info ] [Thread-1 (]: 1 of 1 OK created sql incremental model public.incremental_example_model_file .. [[32mINSERT 0 2[0m in 0.23s]
[0m15:11:42.720516 [debug] [Thread-1 (]: Finished running node model.dbt_pg.incremental_example_model_file
[0m15:11:42.721064 [debug] [MainThread]: Using postgres connection "master"
[0m15:11:42.721064 [debug] [MainThread]: On master: BEGIN
[0m15:11:42.721064 [debug] [MainThread]: Opening a new connection, currently in state closed
[0m15:11:42.753906 [debug] [MainThread]: SQL status: BEGIN in 0.0 seconds
[0m15:11:42.753906 [debug] [MainThread]: On master: COMMIT
[0m15:11:42.753906 [debug] [MainThread]: Using postgres connection "master"
[0m15:11:42.753906 [debug] [MainThread]: On master: COMMIT
[0m15:11:42.753906 [debug] [MainThread]: SQL status: COMMIT in 0.0 seconds
[0m15:11:42.753906 [debug] [MainThread]: On master: Close
[0m15:11:42.765145 [debug] [MainThread]: Connection 'master' was properly closed.
[0m15:11:42.765145 [debug] [MainThread]: Connection 'list_TestDB' was properly closed.
[0m15:11:42.765145 [debug] [MainThread]: Connection 'list_TestDB_public' was properly closed.
[0m15:11:42.771129 [debug] [MainThread]: Connection 'model.dbt_pg.incremental_example_model_file' was properly closed.
[0m15:11:42.771129 [info ] [MainThread]: 
[0m15:11:42.771129 [info ] [MainThread]: Finished running 1 incremental model in 0 hours 0 minutes and 0.49 seconds (0.49s).
[0m15:11:42.771129 [debug] [MainThread]: Command end result
[0m15:11:42.780271 [info ] [MainThread]: 
[0m15:11:42.780271 [info ] [MainThread]: [32mCompleted successfully[0m
[0m15:11:42.780271 [info ] [MainThread]: 
[0m15:11:42.787334 [info ] [MainThread]: Done. PASS=1 WARN=0 ERROR=0 SKIP=0 TOTAL=1
[0m15:11:42.787334 [debug] [MainThread]: Command `dbt run` succeeded at 15:11:42.787334 after 0.88 seconds
[0m15:11:42.787334 [debug] [MainThread]: Sending event: {'category': 'dbt', 'action': 'invocation', 'label': 'end', 'context': [<snowplow_tracker.self_describing_json.SelfDescribingJson object at 0x000001D5F6FFC650>, <snowplow_tracker.self_describing_json.SelfDescribingJson object at 0x000001D5F6FFC410>, <snowplow_tracker.self_describing_json.SelfDescribingJson object at 0x000001D5F6D5EF90>]}
[0m15:11:42.790459 [debug] [MainThread]: Flushing usage events
